build/app/outputs/mapping/release/seeds.txt
com.quqo.quiz.MainActivity
com.quqo.quiz.MainActivity: MainActivity()
...
androidx.appcompat.R$dimen: int abc_disabled_alpha_material_dark
androidx.core.widget.NestedScrollView: void setSmoothScrollingEnabled(boolean)
com.facebook.common.R$id: int split_action_bar
androidx.appcompat.R$styleable: int AppCompatTheme_textAppearanceListItem
androidx.appcompat.R$drawable: int tooltip_frame_light
com.facebook.common.R$style: int Base_TextAppearance_Widget_AppCompat_Toolbar_Subtitle
com.facebook.common.R$style: int Widget_AppCompat_ActionButton
androidx.appcompat.R$style: int TextAppearance_AppCompat_Widget_DropDownItem
androidx.appcompat.R$styleable: int ActivityChooserView_expandActivityOverflowButtonDrawable
androidx.appcompat.widget.ButtonBarLayout: void setAllowStacking(boolean)
androidx.appcompat.R$dimen: int abc_select_dialog_padding_start_material
androidx.core.R$styleable: int FontFamily_fontProviderPackage
androidx.appcompat.R$id: int tabMode
androidx.appcompat.R$style: int Base_Widget_AppCompat_Spinner
com.facebook.common.R$id: int parentPanel
androidx.lifecycle.ViewModel: ViewModel()
com.facebook.common.R$style: int Base_TextAppearance_AppCompat_Medium_Inverse
androidx.appcompat.R$dimen: int abc_action_bar_default_padding_end_material
androidx.appcompat.widget.ScrollingTabContainerView: void setAllowCollapse(boolean)
androidx.appcompat.R$layout: int abc_select_dialog_material
com.facebook.common.R$id: int search_button
com.facebook.common.R$style: int Widget_AppCompat_Light_Spinner_DropDown_ActionBar
androidx.appcompat.widget.ActionBarOverlayLayout: java.lang.CharSequence getTitle()
com.facebook.common.R$style: int Widget_AppCompat_Light_ListPopupWindow
com.facebook.AccessTokenSource: com.facebook.AccessTokenSource[] values()
com.google.android.gms.base.R$drawable: int common_google_signin_btn_text_dark_normal_background
androidx.appcompat.R$attr: int navigationMode
androidx.appcompat.R$style: int Theme_AppCompat_Dialog_MinWidth
androidx.browser.R$dimen: int notification_action_text_size
androidx.appcompat.R$style: int Base_TextAppearance_AppCompat_Small
com.facebook.common.R$id: int search_edit_frame
com.google.android.gms.location.LocationRequest: android.os.Parcelable$Creator CREATOR
androidx.appcompat.R$style: int Base_V7_Widget_AppCompat_AutoCompleteTextView
androidx.appcompat.R$layout: int abc_search_dropdown_item_icons_2line
androidx.appcompat.widget.ActionMenuView: ActionMenuView(android.content.Context)
androidx.appcompat.widget.AppCompatImageView: void setImageResource(int)
androidx.appcompat.R$attr: int dividerHorizontal
com.google.android.gms.common.api.GoogleApiActivity
androidx.appcompat.R$attr: int dialogCornerRadius
androidx.appcompat.R$color: int dim_foreground_disabled_material_light
io.flutter.plugin.platform.SingleViewPresentation: int viewId
androidx.appcompat.widget.SearchView: void setIconifiedByDefault(boolean)
androidx.appcompat.R$styleable: int ActionBar_logo
androidx.appcompat.R$layout: int abc_list_menu_item_layout
io.flutter.embedding.engine.systemchannels.PlatformChannel$Brightness: io.flutter.embedding.engine.systemchannels.PlatformChannel$Brightness[] values()
com.facebook.common.R$style: int Platform_Widget_AppCompat_Spinner
androidx.appcompat.R$styleable: int AppCompatTheme_dividerVertical
androidx.core.R$id: int action_divider
androidx.vectordrawable.graphics.drawable.VectorDrawableCompat$VPathRenderer: int getRootAlpha()
androidx.appcompat.R$styleable: int FontFamilyFont_fontWeight
com.google.android.gms.internal.location.zzo: android.os.Parcelable$Creator CREATOR
io.flutter.plugins.GeneratedPluginRegistrant: void registerWith(io.flutter.embedding.engine.FlutterEngine)
androidx.appcompat.widget.AppCompatImageView: android.graphics.PorterDuff$Mode getSupportImageTintMode()
com.facebook.common.R$layout: int select_dialog_singlechoice_material
androidx.vectordrawable.graphics.drawable.VectorDrawableCompat$VGroup: float getRotation()
androidx.appcompat.R$style: int Base_Widget_AppCompat_Spinner_Underlined