build/app/outputs/mapping/release/usage.txt
com.quqo.quiz.R$bool
com.quqo.quiz.R$styleable
com.quqo.quiz.R$dimen
com.quqo.quiz.R$color
com.quqo.quiz.R$string
com.quqo.quiz.BuildConfig
com.quqo.quiz.R$mipmap
com.quqo.quiz.R
com.quqo.quiz.R$style
com.quqo.quiz.R$id
com.quqo.quiz.R$drawable
com.quqo.quiz.R$layout
com.quqo.quiz.R$attr
com.quqo.quiz.R$anim
com.quqo.quiz.R$integer
...
bolts.Task$10
com.google.android.gms.maps.internal.zzbh
com.facebook.share.model.ShareMessengerURLActionButton$1
org.intellij.lang.annotations.JdkConstants$HorizontalAlignment
com.facebook.appevents.AccessTokenAppIdPair$SerializationProxyV1:
    private static final long serialVersionUID
androidx.annotation.RequiresFeature
com.facebook.share.internal.LikeContent$1
android.support.v4.media.session.MediaControllerCompat$TransportControls
androidx.media.AudioAttributesCompat$Builder
com.google.android.gms.base.R$string:
    private void <init>()
androidx.core.os.ParcelCompat
androidx.core.view.ViewPropertyAnimatorUpdateListener
com.facebook.login.LoginFragment:
    static final java.lang.String RESULT_KEY
    static final java.lang.String REQUEST_KEY
    static final java.lang.String EXTRA_REQUEST
    private static final java.lang.String TAG
    private static final java.lang.String NULL_CALLING_PKG_ERROR_MSG
    private static final java.lang.String SAVED_LOGIN_CLIENT
android.support.v4.media.session.MediaSessionCompat$MediaSessionImplApi21
com.facebook.share.internal.LikeActionController$GetPageLikesRequestWrapper
com.google.android.gms.common.server.response.zac
kotlin.jvm.internal.MutablePropertyReference2
com.facebook.login.BuildConfig
androidx.customview.widget.ViewDragHelper$Callback
com.facebook.share.widget.LikeView$ObjectType
androidx.appcompat.widget.AppCompatImageButton:
    public void <init>(android.content.Context)
    public void <init>(android.content.Context,android.util.AttributeSet)
androidx.core.R$id:
    private void <init>()
com.google.android.gms.common.internal.SignInButtonCreator
com.google.android.gms.internal.location.zzan
androidx.viewpager.widget.PagerTabStrip$1
androidx.core.content.PermissionChecker$PermissionResult
com.facebook.Profile:
    public android.net.Uri getProfilePictureUri(int,int)
    public java.lang.String getId()
    public java.lang.String getFirstName()
    public java.lang.String getMiddleName()
    public java.lang.String getLastName()
    public java.lang.String getName()
    public android.net.Uri getLinkUri()
    private static final java.lang.String ID_KEY
    private static final java.lang.String FIRST_NAME_KEY
    private static final java.lang.String MIDDLE_NAME_KEY
    private static final java.lang.String LAST_NAME_KEY
    private static final java.lang.String NAME_KEY
    private static final java.lang.String LINK_URI_KEY
com.google.android.gms.maps.StreetViewPanoramaFragment$zzb
com.facebook.appevents.PersistedEvents$SerializationProxyV1:
    private static final long serialVersionUID
com.facebook.FacebookButtonBase$1
androidx.customview.R$drawable
androidx.core.view.WindowCompat
androidx.appcompat.app.ActionBarDrawerToggle$FrameworkActionBarDelegate
com.google.android.gms.tasks.Tasks$zzc
android.support.v4.media.session.PlaybackStateCompat$CustomAction:
    public java.lang.Object getCustomAction()
    public java.lang.String getAction()
    public java.lang.CharSequence getName()
    public int getIcon()
    public android.os.Bundle getExtras()
com.google.zxing.common.GlobalHistogramBinarizer
androidx.appcompat.widget.ActionMenuPresenter$SavedState
kotlin.jvm.internal.Reflection
androidx.appcompat.app.WindowDecorActionBar$3
io.flutter.plugins.pathprovider.R$styleable
com.google.android.gms.common.zzo
androidx.core.os.LocaleListHelper
com.facebook.share.model.ShareHashtag$Builder:
    public java.lang.String getHashtag()
    public synthetic bridge com.facebook.share.model.ShareModelBuilder readFrom(com.facebook.share.model.ShareModel)
    public synthetic bridge java.lang.Object build()
androidx.fragment.R
kotlin.collections.ArraysKt___ArraysJvmKt$asList$2
androidx.media.MediaBrowserServiceCompat$MediaBrowserServiceImplBase